#
# There is insufficient memory for the Java Runtime Environment to continue.
# Native memory allocation (mmap) failed to map 32505856 bytes for Failed to commit area from 0x000000008b800000 to 0x000000008d700000 of length 32505856.
# Possible reasons:
#   The system is out of physical RAM or swap space
#   The process is running with CompressedOops enabled, and the Java Heap may be blocking the growth of the native heap
# Possible solutions:
#   Reduce memory load on the system
#   Increase physical memory or swap space
#   Check if swap backing store is full
#   Decrease Java heap size (-Xmx/-Xms)
#   Decrease number of Java threads
#   Decrease Java thread stack sizes (-Xss)
#   Set larger code cache with -XX:ReservedCodeCacheSize=
#   JVM is running with Unscaled Compressed Oops mode in which the Java heap is
#     placed in the first 4GB address space. The Java Heap base address is the
#     maximum limit for the native heap growth. Please use -XX:HeapBaseMinAddress
#     to set the Java Heap base and to place the Java Heap above 4GB virtual address.
# This output file may be truncated or incomplete.
#
#  Out of Memory Error (./open/src/hotspot/os/windows/os_windows.cpp:3273), pid=9600, tid=4208
#
# JRE version: Java(TM) SE Runtime Environment 18.9 (11.0.12+8) (build 11.0.12+8-LTS-237)
# Java VM: Java HotSpot(TM) 64-Bit Server VM 18.9 (11.0.12+8-LTS-237, mixed mode, tiered, compressed oops, g1 gc, windows-amd64)
# No core dump will be written. Minidumps are not enabled by default on client versions of Windows
#

---------------  S U M M A R Y ------------

Command Line: -Dcom.sun.management.jmxremote -Dcom.sun.management.jmxremote.port=58861 -Dcom.sun.management.jmxremote.authenticate=false -Dcom.sun.management.jmxremote.ssl=false -Djava.rmi.server.hostname=localhost -Dspring.jmx.enabled=true -Dspring.application.admin.enabled=true -XX:TieredStopAtLevel=1 -Dspring.boot.project.name=algamoney-api -Dfile.encoding=UTF-8 com.example.algamoney.api.AlgamoneyApiApplication --spring.output.ansi.enabled=always

Host: Intel(R) Core(TM) i5-7200U CPU @ 2.50GHz, 4 cores, 7G,  Windows 10 , 64 bit Build 19041 (10.0.19041.1806)
Time: Tue Jul 26 16:57:59 2022 Hora oficial do Brasil elapsed time: 4.486634 seconds (0d 0h 0m 4s)

---------------  T H R E A D  ---------------

Current thread (0x0000021ed3138000):  VMThread "VM Thread" [stack: 0x0000007342700000,0x0000007342800000] [id=4208]

Stack: [0x0000007342700000,0x0000007342800000]
[error occurred during error reporting (printing stack bounds), id 0xc0000005, EXCEPTION_ACCESS_VIOLATION (0xc0000005) at pc=0x0000021ebd150f2d]

Native frames: (J=compiled Java code, j=interpreted, Vv=VM code, C=native code)
V  [jvm.dll+0x617d9a]
V  [jvm.dll+0x74eeef]
V  [jvm.dll+0x750599]
V  [jvm.dll+0x750b85]
V  [jvm.dll+0x750b3b]
V  [jvm.dll+0x6175d3]
V  [jvm.dll+0x617998]
C  [ntdll.dll+0xa229f]
C  [ntdll.dll+0x51454]
C  [ntdll.dll+0xa0dce]
C  0x0000021ebd150f2d

VM_Operation (0x00000073437fbb00): G1CollectForAllocation, mode: safepoint, requested by thread 0x0000021ed3c40800


---------------  P R O C E S S  ---------------

Threads class SMR info:
_java_thread_list=0x0000021ed59b5d60, length=18, elements={
0x0000021eb4c97800, 0x0000021ed3181000, 0x0000021ed318a000, 0x0000021ed316a000,
0x0000021ed316b000, 0x0000021ed3196000, 0x0000021ed3b07800, 0x0000021ed3b0d800,
0x0000021ed3c41000, 0x0000021ed3c43000, 0x0000021ed3c3f800, 0x0000021ed3c43800,
0x0000021ed3c44800, 0x0000021ed3c40800, 0x0000021ed3c3e800, 0x0000021ed3c45000,
0x0000021ed3c42000, 0x0000021ed5263800
}

Java Threads: ( => current thread )
  0x0000021eb4c97800 JavaThread "main" [_thread_blocked, id=13156, stack(0x0000007342100000,0x0000007342200000)]
  0x0000021ed3181000 JavaThread "Reference Handler" daemon [_thread_blocked, id=14248, stack(0x0000007342800000,0x0000007342900000)]
  0x0000021ed318a000 JavaThread "Finalizer" daemon [_thread_blocked, id=9132, stack(0x0000007342900000,0x0000007342a00000)]
  0x0000021ed316a000 JavaThread "Signal Dispatcher" daemon [_thread_blocked, id=13968, stack(0x0000007342a00000,0x0000007342b00000)]
  0x0000021ed316b000 JavaThread "Attach Listener" daemon [_thread_blocked, id=8064, stack(0x0000007342b00000,0x0000007342c00000)]
  0x0000021ed3196000 JavaThread "Service Thread" daemon [_thread_blocked, id=7400, stack(0x0000007342c00000,0x0000007342d00000)]
  0x0000021ed3b07800 JavaThread "C1 CompilerThread0" daemon [_thread_blocked, id=3236, stack(0x0000007342d00000,0x0000007342e00000)]
  0x0000021ed3b0d800 JavaThread "Sweeper thread" daemon [_thread_blocked, id=1972, stack(0x0000007342e00000,0x0000007342f00000)]
  0x0000021ed3c41000 JavaThread "Common-Cleaner" daemon [_thread_blocked, id=11404, stack(0x0000007342f00000,0x0000007343000000)]
  0x0000021ed3c43000 JavaThread "RMI TCP Accept-0" daemon [_thread_in_native, id=2000, stack(0x0000007343200000,0x0000007343300000)]
  0x0000021ed3c3f800 JavaThread "RMI TCP Accept-58861" daemon [_thread_in_native, id=11688, stack(0x0000007343300000,0x0000007343400000)]
  0x0000021ed3c43800 JavaThread "RMI TCP Accept-0" daemon [_thread_in_native, id=11700, stack(0x0000007343400000,0x0000007343500000)]
  0x0000021ed3c44800 JavaThread "Thread-0" [_thread_blocked, id=12080, stack(0x0000007343600000,0x0000007343700000)]
  0x0000021ed3c40800 JavaThread "restartedMain" [_thread_blocked, id=5840, stack(0x0000007343700000,0x0000007343800000)]
  0x0000021ed3c3e800 JavaThread "RMI TCP Connection(1)-127.0.0.1" daemon [_thread_in_native, id=12272, stack(0x0000007343900000,0x0000007343a00000)]
  0x0000021ed3c45000 JavaThread "RMI TCP Connection(2)-127.0.0.1" daemon [_thread_in_native, id=8788, stack(0x0000007343a00000,0x0000007343b00000)]
  0x0000021ed3c42000 JavaThread "RMI Scheduler(0)" daemon [_thread_blocked, id=2920, stack(0x0000007343b00000,0x0000007343c00000)]
  0x0000021ed5263800 JavaThread "JMX server connection timeout 22" daemon [_thread_blocked, id=11956, stack(0x0000007343c00000,0x0000007343d00000)]

Other Threads:
=>0x0000021ed3138000 VMThread "VM Thread" [stack: 0x0000007342700000,0x0000007342800000] [id=4208]
  0x0000021ed428c000 WatcherThread [stack: 0x0000007343500000,0x0000007343600000] [id=11960]
  0x0000021eb4cad800 GCTaskThread "GC Thread#0" [stack: 0x0000007342200000,0x0000007342300000] [id=4092]
  0x0000021ed4204000 GCTaskThread "GC Thread#1" [stack: 0x0000007343000000,0x0000007343100000] [id=264]
  0x0000021ed4209000 GCTaskThread "GC Thread#2" [stack: 0x0000007343100000,0x0000007343200000] [id=9012]
  0x0000021ed4207800 GCTaskThread "GC Thread#3" [stack: 0x0000007343800000,0x0000007343900000] [id=7376]
  0x0000021eb4cde800 ConcurrentGCThread "G1 Main Marker" [stack: 0x0000007342300000,0x0000007342400000] [id=14724]
  0x0000021eb4ce1000 ConcurrentGCThread "G1 Conc#0" [stack: 0x0000007342400000,0x0000007342500000] [id=3500]
  0x0000021ed2fb0800 ConcurrentGCThread "G1 Refine#0" [stack: 0x0000007342500000,0x0000007342600000] [id=13392]
  0x0000021eb4d65000 ConcurrentGCThread "G1 Young RemSet Sampling" [stack: 0x0000007342600000,0x0000007342700000] [id=4780]

Threads with active compile tasks:

VM state:at safepoint (normal execution)

VM Mutex/Monitor currently owned by a thread:  ([mutex/lock_event])
[0x0000021eb4c95480] Threads_lock - owner thread: 0x0000021ed3138000
[0x0000021eb4c93980] Heap_lock - owner thread: 0x0000021ed3c40800

Heap address: 0x0000000081e00000, size: 2018 MB, Compressed Oops mode: 32-bit
Narrow klass base: 0x0000000000000000, Narrow klass shift: 3
Compressed class space size: 1073741824 Address: 0x0000000100000000

Heap:
 garbage-first heap   total 189440K, used 21988K [0x0000000081e00000, 0x0000000100000000)
  region size 1024K, 9 young (9216K), 9 survivors (9216K)
 Metaspace       used 41299K, capacity 42764K, committed 43136K, reserved 1087488K
  class space    used 5331K, capacity 5895K, committed 6016K, reserved 1048576K
Heap Regions: E=young(eden), S=young(survivor), O=old, HS=humongous(starts), HC=humongous(continues), CS=collection set, F=free, A=archive, TAMS=top-at-mark-start (previous, next)
|   0|0x0000000081e00000, 0x0000000081f00000, 0x0000000081f00000|100%|HS|  |TAMS 0x0000000081f00000, 0x0000000081e00000| Complete 
|   1|0x0000000081f00000, 0x0000000082000000, 0x0000000082000000|100%| O|  |TAMS 0x0000000082000000, 0x0000000081f00000| Untracked 
|   2|0x0000000082000000, 0x0000000082100000, 0x0000000082100000|100%| O|  |TAMS 0x0000000082100000, 0x0000000082000000| Untracked 
|   3|0x0000000082100000, 0x0000000082200000, 0x0000000082200000|100%| O|  |TAMS 0x0000000082200000, 0x0000000082100000| Untracked 
|   4|0x0000000082200000, 0x0000000082300000, 0x0000000082300000|100%| O|  |TAMS 0x0000000082300000, 0x0000000082200000| Untracked 
|   5|0x0000000082300000, 0x0000000082400000, 0x0000000082400000|100%| O|  |TAMS 0x0000000082400000, 0x0000000082300000| Untracked 
|   6|0x0000000082400000, 0x0000000082500000, 0x0000000082500000|100%| O|  |TAMS 0x0000000082500000, 0x0000000082400000| Untracked 
|   7|0x0000000082500000, 0x0000000082600000, 0x0000000082600000|100%| O|  |TAMS 0x00000000825b1400, 0x0000000082500000| Untracked 
|   8|0x0000000082600000, 0x0000000082700000, 0x0000000082700000|100%| O|  |TAMS 0x0000000082600000, 0x0000000082600000| Untracked 
|   9|0x0000000082700000, 0x0000000082800000, 0x0000000082800000|100%| O|  |TAMS 0x0000000082700000, 0x0000000082700000| Untracked 
|  10|0x0000000082800000, 0x0000000082900000, 0x0000000082900000|100%| O|  |TAMS 0x0000000082800000, 0x0000000082800000| Untracked 
|  11|0x0000000082900000, 0x0000000082a00000, 0x0000000082a00000|100%| O|  |TAMS 0x0000000082900000, 0x0000000082900000| Untracked 
|  12|0x0000000082a00000, 0x0000000082b00000, 0x0000000082b00000|100%| O|  |TAMS 0x0000000082a00000, 0x0000000082a00000| Untracked 
|  13|0x0000000082b00000, 0x0000000082b15600, 0x0000000082c00000|  8%| O|  |TAMS 0x0000000082b00000, 0x0000000082b00000| Untracked 
|  14|0x0000000082c00000, 0x0000000082c00000, 0x0000000082d00000|  0%| F|  |TAMS 0x0000000082c00000, 0x0000000082c00000| Untracked 
|  15|0x0000000082d00000, 0x0000000082d00000, 0x0000000082e00000|  0%| F|  |TAMS 0x0000000082d00000, 0x0000000082d00000| Untracked 
|  16|0x0000000082e00000, 0x0000000082e00000, 0x0000000082f00000|  0%| F|  |TAMS 0x0000000082e00000, 0x0000000082e00000| Untracked 
|  17|0x0000000082f00000, 0x0000000082f00000, 0x0000000083000000|  0%| F|  |TAMS 0x0000000082f00000, 0x0000000082f00000| Untracked 
|  18|0x0000000083000000, 0x0000000083000000, 0x0000000083100000|  0%| F|  |TAMS 0x0000000083000000, 0x0000000083000000| Untracked 
|  19|0x0000000083100000, 0x0000000083100000, 0x0000000083200000|  0%| F|  |TAMS 0x0000000083100000, 0x0000000083100000| Untracked 
|  20|0x0000000083200000, 0x0000000083200000, 0x0000000083300000|  0%| F|  |TAMS 0x0000000083200000, 0x0000000083200000| Untracked 
|  21|0x0000000083300000, 0x0000000083300000, 0x0000000083400000|  0%| F|  |TAMS 0x0000000083300000, 0x0000000083300000| Untracked 
|  22|0x0000000083400000, 0x0000000083400000, 0x0000000083500000|  0%| F|  |TAMS 0x0000000083400000, 0x0000000083400000| Untracked 
|  23|0x0000000083500000, 0x0000000083500000, 0x0000000083600000|  0%| F|  |TAMS 0x0000000083500000, 0x0000000083500000| Untracked 
|  24|0x0000000083600000, 0x0000000083600000, 0x0000000083700000|  0%| F|  |TAMS 0x0000000083600000, 0x0000000083600000| Untracked 
|  25|0x0000000083700000, 0x0000000083700000, 0x0000000083800000|  0%| F|  |TAMS 0x0000000083700000, 0x0000000083700000| Untracked 
|  26|0x0000000083800000, 0x0000000083800000, 0x0000000083900000|  0%| F|  |TAMS 0x0000000083800000, 0x0000000083800000| Untracked 
|  27|0x0000000083900000, 0x0000000083900000, 0x0000000083a00000|  0%| F|  |TAMS 0x0000000083900000, 0x0000000083900000| Untracked 
|  28|0x0000000083a00000, 0x0000000083a00000, 0x0000000083b00000|  0%| F|  |TAMS 0x0000000083a00000, 0x0000000083a00000| Untracked 
|  29|0x0000000083b00000, 0x0000000083b00000, 0x0000000083c00000|  0%| F|  |TAMS 0x0000000083b00000, 0x0000000083b00000| Untracked 
|  30|0x0000000083c00000, 0x0000000083c00000, 0x0000000083d00000|  0%| F|  |TAMS 0x0000000083c00000, 0x0000000083c00000| Untracked 
|  31|0x0000000083d00000, 0x0000000083d00000, 0x0000000083e00000|  0%| F|  |TAMS 0x0000000083d00000, 0x0000000083d00000| Untracked 
|  32|0x0000000083e00000, 0x0000000083e00000, 0x0000000083f00000|  0%| F|  |TAMS 0x0000000083e00000, 0x0000000083e00000| Untracked 
|  33|0x0000000083f00000, 0x0000000083f00000, 0x0000000084000000|  0%| F|  |TAMS 0x0000000083f00000, 0x0000000083f00000| Untracked 
|  34|0x0000000084000000, 0x0000000084000000, 0x0000000084100000|  0%| F|  |TAMS 0x0000000084000000, 0x0000000084000000| Untracked 
|  35|0x0000000084100000, 0x0000000084100000, 0x0000000084200000|  0%| F|  |TAMS 0x0000000084100000, 0x0000000084100000| Untracked 
|  36|0x0000000084200000, 0x0000000084200000, 0x0000000084300000|  0%| F|  |TAMS 0x0000000084200000, 0x0000000084200000| Untracked 
|  37|0x0000000084300000, 0x0000000084300000, 0x0000000084400000|  0%| F|  |TAMS 0x0000000084300000, 0x0000000084300000| Untracked 
|  38|0x0000000084400000, 0x0000000084400000, 0x0000000084500000|  0%| F|  |TAMS 0x0000000084400000, 0x0000000084400000| Untracked 
|  39|0x0000000084500000, 0x0000000084500000, 0x0000000084600000|  0%| F|  |TAMS 0x0000000084500000, 0x0000000084500000| Untracked 
|  40|0x0000000084600000, 0x0000000084600000, 0x0000000084700000|  0%| F|  |TAMS 0x0000000084600000, 0x0000000084600000| Untracked 
|  41|0x0000000084700000, 0x0000000084700000, 0x0000000084800000|  0%| F|  |TAMS 0x0000000084700000, 0x0000000084700000| Untracked 
|  42|0x0000000084800000, 0x0000000084800000, 0x0000000084900000|  0%| F|  |TAMS 0x0000000084800000, 0x0000000084800000| Untracked 
|  43|0x0000000084900000, 0x0000000084900000, 0x0000000084a00000|  0%| F|  |TAMS 0x0000000084900000, 0x0000000084900000| Untracked 
|  44|0x0000000084a00000, 0x0000000084a00000, 0x0000000084b00000|  0%| F|  |TAMS 0x0000000084a00000, 0x0000000084a00000| Untracked 
|  45|0x0000000084b00000, 0x0000000084b00000, 0x0000000084c00000|  0%| F|  |TAMS 0x0000000084b00000, 0x0000000084b00000| Untracked 
|  46|0x0000000084c00000, 0x0000000084c00000, 0x0000000084d00000|  0%| F|  |TAMS 0x0000000084c00000, 0x0000000084c00000| Untracked 
|  47|0x0000000084d00000, 0x0000000084d00000, 0x0000000084e00000|  0%| F|  |TAMS 0x0000000084d00000, 0x0000000084d00000| Untracked 
|  48|0x0000000084e00000, 0x0000000084e00000, 0x0000000084f00000|  0%| F|  |TAMS 0x0000000084e00000, 0x0000000084e00000| Untracked 
|  49|0x0000000084f00000, 0x0000000084f00000, 0x0000000085000000|  0%| F|  |TAMS 0x0000000084f00000, 0x0000000084f00000| Untracked 
|  50|0x0000000085000000, 0x0000000085000000, 0x0000000085100000|  0%| F|  |TAMS 0x0000000085000000, 0x0000000085000000| Untracked 
|  51|0x0000000085100000, 0x0000000085100000, 0x0000000085200000|  0%| F|  |TAMS 0x0000000085100000, 0x0000000085100000| Untracked 
|  52|0x0000000085200000, 0x0000000085200000, 0x0000000085300000|  0%| F|  |TAMS 0x0000000085200000, 0x0000000085200000| Untracked 
|  53|0x0000000085300000, 0x0000000085300000, 0x0000000085400000|  0%| F|  |TAMS 0x0000000085300000, 0x0000000085300000| Untracked 
|  54|0x0000000085400000, 0x0000000085400000, 0x0000000085500000|  0%| F|  |TAMS 0x0000000085400000, 0x0000000085400000| Untracked 
|  55|0x0000000085500000, 0x0000000085500000, 0x0000000085600000|  0%| F|  |TAMS 0x0000000085500000, 0x0000000085500000| Untracked 
|  56|0x0000000085600000, 0x0000000085600000, 0x0000000085700000|  0%| F|  |TAMS 0x0000000085600000, 0x0000000085600000| Untracked 
|  57|0x0000000085700000, 0x0000000085700000, 0x0000000085800000|  0%| F|  |TAMS 0x0000000085700000, 0x0000000085700000| Untracked 
|  58|0x0000000085800000, 0x0000000085800000, 0x0000000085900000|  0%| F|  |TAMS 0x0000000085800000, 0x0000000085800000| Untracked 
|  59|0x0000000085900000, 0x0000000085900000, 0x0000000085a00000|  0%| F|  |TAMS 0x0000000085900000, 0x0000000085900000| Untracked 
|  60|0x0000000085a00000, 0x0000000085a00000, 0x0000000085b00000|  0%| F|  |TAMS 0x0000000085a00000, 0x0000000085a00000| Untracked 
|  61|0x0000000085b00000, 0x0000000085b00000, 0x0000000085c00000|  0%| F|  |TAMS 0x0000000085b00000, 0x0000000085b00000| Untracked 
|  62|0x0000000085c00000, 0x0000000085c63db0, 0x0000000085d00000| 39%| S|CS|TAMS 0x0000000085c00000, 0x0000000085c00000| Complete 
|  63|0x0000000085d00000, 0x0000000085e00000, 0x0000000085e00000|100%| S|CS|TAMS 0x0000000085d00000, 0x0000000085d00000| Complete 
|  64|0x0000000085e00000, 0x0000000085f00000, 0x0000000085f00000|100%| S|CS|TAMS 0x0000000085e00000, 0x0000000085e00000| Complete 
|  65|0x0000000085f00000, 0x0000000086000000, 0x0000000086000000|100%| S|CS|TAMS 0x0000000085f00000, 0x0000000085f00000| Complete 
|  66|0x0000000086000000, 0x0000000086100000, 0x0000000086100000|100%| S|CS|TAMS 0x0000000086000000, 0x0000000086000000| Complete 
|  67|0x0000000086100000, 0x0000000086200000, 0x0000000086200000|100%| S|CS|TAMS 0x0000000086100000, 0x0000000086100000| Complete 
|  68|0x0000000086200000, 0x0000000086300000, 0x0000000086300000|100%| S|CS|TAMS 0x0000000086200000, 0x0000000086200000| Complete 
|  69|0x0000000086300000, 0x0000000086400000, 0x0000000086400000|100%| S|CS|TAMS 0x0000000086300000, 0x0000000086300000| Complete 
|  70|0x0000000086400000, 0x0000000086500000, 0x0000000086500000|100%| S|CS|TAMS 0x0000000086400000, 0x0000000086400000| Complete 
|  71|0x0000000086500000, 0x0000000086500000, 0x0000000086600000|  0%| F|  |TAMS 0x0000000086500000, 0x0000000086500000| Untracked 
|  72|0x0000000086600000, 0x0000000086600000, 0x0000000086700000|  0%| F|  |TAMS 0x0000000086600000, 0x0000000086600000| Untracked 
|  73|0x0000000086700000, 0x0000000086700000, 0x0000000086800000|  0%| F|  |TAMS 0x0000000086700000, 0x0000000086700000| Untracked 
|  74|0x0000000086800000, 0x0000000086800000, 0x0000000086900000|  0%| F|  |TAMS 0x0000000086800000, 0x0000000086800000| Untracked 
|  75|0x0000000086900000, 0x0000000086900000, 0x0000000086a00000|  0%| F|  |TAMS 0x0000000086900000, 0x0000000086900000| Untracked 
|  76|0x0000000086a00000, 0x0000000086a00000, 0x0000000086b00000|  0%| F|  |TAMS 0x0000000086a00000, 0x0000000086a00000| Untracked 
|  77|0x0000000086b00000, 0x0000000086b00000, 0x0000000086c00000|  0%| F|  |TAMS 0x0000000086b00000, 0x0000000086b00000| Untracked 
|  78|0x0000000086c00000, 0x0000000086c00000, 0x0000000086d00000|  0%| F|  |TAMS 0x0000000086c00000, 0x0000000086c00000| Untracked 
|  79|0x0000000086d00000, 0x0000000086d00000, 0x0000000086e00000|  0%| F|  |TAMS 0x0000000086d00000, 0x0000000086d00000| Untracked 
|  80|0x0000000086e00000, 0x0000000086e00000, 0x0000000086f00000|  0%| F|  |TAMS 0x0000000086e00000, 0x0000000086e00000| Untracked 
|  81|0x0000000086f00000, 0x0000000086f00000, 0x0000000087000000|  0%| F|  |TAMS 0x0000000086f00000, 0x0000000086f00000| Untracked 
|  82|0x0000000087000000, 0x0000000087000000, 0x0000000087100000|  0%| F|  |TAMS 0x0000000087000000, 0x0000000087000000| Untracked 
|  83|0x0000000087100000, 0x0000000087100000, 0x0000000087200000|  0%| F|  |TAMS 0x0000000087100000, 0x0000000087100000| Untracked 
|  84|0x0000000087200000, 0x0000000087200000, 0x0000000087300000|  0%| F|  |TAMS 0x0000000087200000, 0x0000000087200000| Untracked 
|  85|0x0000000087300000, 0x0000000087300000, 0x0000000087400000|  0%| F|  |TAMS 0x0000000087300000, 0x0000000087300000| Untracked 
|  86|0x0000000087400000, 0x0000000087400000, 0x0000000087500000|  0%| F|  |TAMS 0x0000000087400000, 0x0000000087400000| Untracked 
|  87|0x0000000087500000, 0x0000000087500000, 0x0000000087600000|  0%| F|  |TAMS 0x0000000087500000, 0x0000000087500000| Untracked 
|  88|0x0000000087600000, 0x0000000087600000, 0x0000000087700000|  0%| F|  |TAMS 0x0000000087600000, 0x0000000087600000| Untracked 
|  89|0x0000000087700000, 0x0000000087700000, 0x0000000087800000|  0%| F|  |TAMS 0x0000000087700000, 0x0000000087700000| Untracked 
|  90|0x0000000087800000, 0x0000000087800000, 0x0000000087900000|  0%| F|  |TAMS 0x0000000087800000, 0x0000000087800000| Untracked 
|  91|0x0000000087900000, 0x0000000087900000, 0x0000000087a00000|  0%| F|  |TAMS 0x0000000087900000, 0x0000000087900000| Untracked 
|  92|0x0000000087a00000, 0x0000000087a00000, 0x0000000087b00000|  0%| F|  |TAMS 0x0000000087a00000, 0x0000000087a00000| Untracked 
|  93|0x0000000087b00000, 0x0000000087b00000, 0x0000000087c00000|  0%| F|  |TAMS 0x0000000087b00000, 0x0000000087b00000| Untracked 
|  94|0x0000000087c00000, 0x0000000087c00000, 0x0000000087d00000|  0%| F|  |TAMS 0x0000000087c00000, 0x0000000087c00000| Untracked 
|  95|0x0000000087d00000, 0x0000000087d00000, 0x0000000087e00000|  0%| F|  |TAMS 0x0000000087d00000, 0x0000000087d00000| Untracked 
|  96|0x0000000087e00000, 0x0000000087e00000, 0x0000000087f00000|  0%| F|  |TAMS 0x0000000087e00000, 0x0000000087e00000| Untracked 
|  97|0x0000000087f00000, 0x0000000087f00000, 0x0000000088000000|  0%| F|  |TAMS 0x0000000087f00000, 0x0000000087f00000| Untracked 
|  98|0x0000000088000000, 0x0000000088000000, 0x0000000088100000|  0%| F|  |TAMS 0x0000000088000000, 0x0000000088000000| Untracked 
|  99|0x0000000088100000, 0x0000000088100000, 0x0000000088200000|  0%| F|  |TAMS 0x0000000088100000, 0x0000000088100000| Untracked 
| 100|0x0000000088200000, 0x0000000088200000, 0x0000000088300000|  0%| F|  |TAMS 0x0000000088200000, 0x0000000088200000| Untracked 
| 101|0x0000000088300000, 0x0000000088300000, 0x0000000088400000|  0%| F|  |TAMS 0x0000000088300000, 0x0000000088300000| Untracked 
| 102|0x0000000088400000, 0x0000000088400000, 0x0000000088500000|  0%| F|  |TAMS 0x0000000088400000, 0x0000000088400000| Untracked 
| 103|0x0000000088500000, 0x0000000088500000, 0x0000000088600000|  0%| F|  |TAMS 0x0000000088500000, 0x0000000088500000| Untracked 
| 104|0x0000000088600000, 0x0000000088600000, 0x0000000088700000|  0%| F|  |TAMS 0x0000000088600000, 0x0000000088600000| Untracked 
| 105|0x0000000088700000, 0x0000000088700000, 0x0000000088800000|  0%| F|  |TAMS 0x0000000088700000, 0x0000000088700000| Untracked 
| 106|0x0000000088800000, 0x0000000088800000, 0x0000000088900000|  0%| F|  |TAMS 0x0000000088800000, 0x0000000088800000| Untracked 
| 107|0x0000000088900000, 0x0000000088900000, 0x0000000088a00000|  0%| F|  |TAMS 0x0000000088900000, 0x0000000088900000| Untracked 
| 108|0x0000000088a00000, 0x0000000088a00000, 0x0000000088b00000|  0%| F|  |TAMS 0x0000000088a00000, 0x0000000088a00000| Untracked 
| 109|0x0000000088b00000, 0x0000000088b00000, 0x0000000088c00000|  0%| F|  |TAMS 0x0000000088b00000, 0x0000000088b00000| Untracked 
| 110|0x0000000088c00000, 0x0000000088c00000, 0x0000000088d00000|  0%| F|  |TAMS 0x0000000088c00000, 0x0000000088c00000| Untracked 
| 111|0x0000000088d00000, 0x0000000088d00000, 0x0000000088e00000|  0%| F|  |TAMS 0x0000000088d00000, 0x0000000088d00000| Untracked 
| 112|0x0000000088e00000, 0x0000000088e00000, 0x0000000088f00000|  0%| F|  |TAMS 0x0000000088e00000, 0x0000000088e00000| Untracked 
| 113|0x0000000088f00000, 0x0000000088f00000, 0x0000000089000000|  0%| F|  |TAMS 0x0000000088f00000, 0x0000000088f00000| Untracked 
| 114|0x0000000089000000, 0x0000000089000000, 0x0000000089100000|  0%| F|  |TAMS 0x0000000089000000, 0x0000000089000000| Untracked 
| 115|0x0000000089100000, 0x0000000089100000, 0x0000000089200000|  0%| F|  |TAMS 0x0000000089100000, 0x0000000089100000| Untracked 
| 116|0x0000000089200000, 0x0000000089200000, 0x0000000089300000|  0%| F|  |TAMS 0x0000000089200000, 0x0000000089200000| Untracked 
| 117|0x0000000089300000, 0x0000000089300000, 0x0000000089400000|  0%| F|  |TAMS 0x0000000089300000, 0x0000000089300000| Untracked 
| 118|0x0000000089400000, 0x0000000089400000, 0x0000000089500000|  0%| F|  |TAMS 0x0000000089400000, 0x0000000089400000| Untracked 
| 119|0x0000000089500000, 0x0000000089500000, 0x0000000089600000|  0%| F|  |TAMS 0x0000000089500000, 0x0000000089500000| Untracked 
| 120|0x0000000089600000, 0x0000000089600000, 0x0000000089700000|  0%| F|  |TAMS 0x0000000089600000, 0x0000000089600000| Untracked 
| 121|0x0000000089700000, 0x0000000089700000, 0x0000000089800000|  0%| F|  |TAMS 0x0000000089700000, 0x0000000089700000| Untracked 
| 122|0x0000000089800000, 0x0000000089800000, 0x0000000089900000|  0%| F|  |TAMS 0x0000000089800000, 0x0000000089800000| Untracked 
| 123|0x0000000089900000, 0x0000000089900000, 0x0000000089a00000|  0%| F|  |TAMS 0x0000000089900000, 0x0000000089900000| Untracked 
| 124|0x0000000089a00000, 0x0000000089a00000, 0x0000000089b00000|  0%| F|  |TAMS 0x0000000089a00000, 0x0000000089a00000| Untracked 
| 125|0x0000000089b00000, 0x0000000089b00000, 0x0000000089c00000|  0%| F|  |TAMS 0x0000000089b00000, 0x0000000089b00000| Untracked 
| 126|0x0000000089c00000, 0x0000000089c00000, 0x0000000089d00000|  0%| F|  |TAMS 0x0000000089c00000, 0x0000000089c00000| Untracked 
| 127|0x0000000089d00000, 0x0000000089d00000, 0x0000000089e00000|  0%| F|  |TAMS 0x0000000089d00000, 0x0000000089d00000| Untracked 
| 128|0x0000000089e00000, 0x0000000089e00000, 0x0000000089f00000|  0%| F|  |TAMS 0x0000000089e00000, 0x0000000089e00000| Untracked 
| 129|0x0000000089f00000, 0x0000000089f00000, 0x000000008a000000|  0%| F|  |TAMS 0x0000000089f00000, 0x0000000089f00000| Untracked 
| 130|0x000000008a000000, 0x000000008a000000, 0x000000008a100000|  0%| F|  |TAMS 0x000000008a000000, 0x000000008a000000| Untracked 
| 131|0x000000008a100000, 0x000000008a100000, 0x000000008a200000|  0%| F|  |TAMS 0x000000008a100000, 0x000000008a100000| Untracked 
| 132|0x000000008a200000, 0x000000008a200000, 0x000000008a300000|  0%| F|  |TAMS 0x000000008a200000, 0x000000008a200000| Untracked 
| 133|0x000000008a300000, 0x000000008a300000, 0x000000008a400000|  0%| F|  |TAMS 0x000000008a300000, 0x000000008a300000| Untracked 
| 134|0x000000008a400000, 0x000000008a400000, 0x000000008a500000|  0%| F|  |TAMS 0x000000008a400000, 0x000000008a400000| Untracked 
| 135|0x000000008a500000, 0x000000008a500000, 0x000000008a600000|  0%| F|  |TAMS 0x000000008a500000, 0x000000008a500000| Untracked 
| 136|0x000000008a600000, 0x000000008a600000, 0x000000008a700000|  0%| F|  |TAMS 0x000000008a600000, 0x000000008a600000| Untracked 
| 137|0x000000008a700000, 0x000000008a700000, 0x000000008a800000|  0%| F|  |TAMS 0x000000008a700000, 0x000000008a700000| Untracked 
| 138|0x000000008a800000, 0x000000008a800000, 0x000000008a900000|  0%| F|  |TAMS 0x000000008a800000, 0x000000008a800000| Untracked 
| 139|0x000000008a900000, 0x000000008a900000, 0x000000008aa00000|  0%| F|  |TAMS 0x000000008a900000, 0x000000008a900000| Untracked 
| 140|0x000000008aa00000, 0x000000008aa00000, 0x000000008ab00000|  0%| F|  |TAMS 0x000000008aa00000, 0x000000008aa00000| Untracked 
| 141|0x000000008ab00000, 0x000000008ab00000, 0x000000008ac00000|  0%| F|  |TAMS 0x000000008ab00000, 0x000000008ab00000| Untracked 
| 142|0x000000008ac00000, 0x000000008ac00000, 0x000000008ad00000|  0%| F|  |TAMS 0x000000008ac00000, 0x000000008ac00000| Untracked 
| 143|0x000000008ad00000, 0x000000008ad00000, 0x000000008ae00000|  0%| F|  |TAMS 0x000000008ad00000, 0x000000008ad00000| Untracked 
| 144|0x000000008ae00000, 0x000000008ae00000, 0x000000008af00000|  0%| F|  |TAMS 0x000000008ae00000, 0x000000008ae00000| Untracked 
| 145|0x000000008af00000, 0x000000008af00000, 0x000000008b000000|  0%| F|  |TAMS 0x000000008af00000, 0x000000008af00000| Untracked 
| 146|0x000000008b000000, 0x000000008b000000, 0x000000008b100000|  0%| F|  |TAMS 0x000000008b000000, 0x000000008b000000| Untracked 
| 147|0x000000008b100000, 0x000000008b100000, 0x000000008b200000|  0%| F|  |TAMS 0x000000008b100000, 0x000000008b100000| Untracked 
| 148|0x000000008b200000, 0x000000008b200000, 0x000000008b300000|  0%| F|  |TAMS 0x000000008b200000, 0x000000008b200000| Untracked 
| 149|0x000000008b300000, 0x000000008b300000, 0x000000008b400000|  0%| F|  |TAMS 0x000000008b300000, 0x000000008b300000| Untracked 
| 150|0x000000008b400000, 0x000000008b400000, 0x000000008b500000|  0%| F|  |TAMS 0x000000008b400000, 0x000000008b400000| Untracked 
| 151|0x000000008b500000, 0x000000008b500000, 0x000000008b600000|  0%| F|  |TAMS 0x000000008b500000, 0x000000008b500000| Untracked 
| 152|0x000000008b600000, 0x000000008b600000, 0x000000008b700000|  0%| F|  |TAMS 0x000000008b600000, 0x000000008b600000| Untracked 
| 153|0x000000008b700000, 0x000000008b700000, 0x000000008b800000|  0%| F|  |TAMS 0x000000008b700000, 0x000000008b700000| Untracked 

Card table byte_map: [0x0000021ecc550000,0x0000021ecc950000] _byte_map_base: 0x0000021ecc141000

Marking Bits (Prev, Next): (CMBitMap*) 0x0000021eb4cd6078, (CMBitMap*) 0x0000021eb4cd60b0
 Prev Bits: [0x0000021eccd50000, 0x0000021ececd8000)
 Next Bits: [0x0000021ecece0000, 0x0000021ed0c68000)

Polling page: 0x0000021eb2c90000

Metaspace:

Usage:
  Non-class:     36.00 MB capacity,    35.12 MB ( 98%) used,   746.25 KB (  2%) free+waste,   155.00 KB ( <1%) overhead. 
      Class:      5.76 MB capacity,     5.21 MB ( 90%) used,   485.07 KB (  8%) free+waste,    78.06 KB (  1%) overhead. 
       Both:     41.76 MB capacity,    40.33 MB ( 97%) used,     1.20 MB (  3%) free+waste,   233.06 KB ( <1%) overhead. 

Virtual space:
  Non-class space:       38.00 MB reserved,      36.25 MB ( 95%) committed 
      Class space:        1.00 GB reserved,       5.88 MB ( <1%) committed 
             Both:        1.04 GB reserved,      42.13 MB (  4%) committed 

Chunk freelists:
   Non-Class:  7.38 KB
       Class:  3.13 KB
        Both:  10.50 KB

CodeHeap 'non-profiled nmethods': size=238912Kb used=6017Kb max_used=6017Kb free=232894Kb
 bounds [0x0000021ebd800000, 0x0000021ebddf0000, 0x0000021ecc150000]
CodeHeap 'non-nmethods': size=6848Kb used=1162Kb max_used=1162Kb free=5685Kb
 bounds [0x0000021ebd150000, 0x0000021ebd3c0000, 0x0000021ebd800000]
 total_blobs=4381 nmethods=3881 adapters=426
 compilation: enabled
              stopped_count=0, restarted_count=0
 full_count=0

Compilation events (10 events):
Event: 4.415 Thread 0x0000021ed3b07800 3877       1       jdk.internal.misc.Unsafe::checkNativeAddress (28 bytes)
Event: 4.416 Thread 0x0000021ed3b07800 nmethod 3877 0x0000021ebdddf690 code [0x0000021ebdddf820, 0x0000021ebdddf8d8]
Event: 4.433 Thread 0x0000021ed3b07800 3878       1       java.util.Calendar::internalSet (8 bytes)
Event: 4.433 Thread 0x0000021ed3b07800 nmethod 3878 0x0000021ebdddf990 code [0x0000021ebdddfb20, 0x0000021ebdddfbf8]
Event: 4.434 Thread 0x0000021ed3b07800 3879       1       java.util.logging.LogManager$LoggerContext::getGlobalLogger (6 bytes)
Event: 4.434 Thread 0x0000021ed3b07800 nmethod 3879 0x0000021ebdddfc90 code [0x0000021ebdddfe20, 0x0000021ebdddfed8]
Event: 4.447 Thread 0x0000021ed3b07800 3880       1       java.util.ResourceBundle$CacheKey::getLocale (5 bytes)
Event: 4.447 Thread 0x0000021ed3b07800 nmethod 3880 0x0000021ebdddff90 code [0x0000021ebdde0120, 0x0000021ebdde01d8]
Event: 4.465 Thread 0x0000021ed3b07800 3881       1       java.util.jar.Attributes::<init> (7 bytes)
Event: 4.465 Thread 0x0000021ed3b07800 nmethod 3881 0x0000021ebdde0290 code [0x0000021ebdde0460, 0x0000021ebdde0608]

GC Heap History (10 events):
Event: 1.924 GC heap after
{Heap after GC invocations=5 (full 0):
 garbage-first heap   total 131072K, used 10261K [0x0000000081e00000, 0x0000000100000000)
  region size 1024K, 4 young (4096K), 4 survivors (4096K)
 Metaspace       used 20427K, capacity 21109K, committed 21248K, reserved 1067008K
  class space    used 2435K, capacity 2712K, committed 2816K, reserved 1048576K
}
Event: 2.468 GC heap before
{Heap before GC invocations=6 (full 0):
 garbage-first heap   total 131072K, used 83989K [0x0000000081e00000, 0x0000000100000000)
  region size 1024K, 76 young (77824K), 4 survivors (4096K)
 Metaspace       used 29017K, capacity 29954K, committed 30208K, reserved 1075200K
  class space    used 3625K, capacity 3978K, committed 4096K, reserved 1048576K
}
Event: 2.478 GC heap after
{Heap after GC invocations=7 (full 0):
 garbage-first heap   total 157696K, used 12390K [0x0000000081e00000, 0x0000000100000000)
  region size 1024K, 6 young (6144K), 6 survivors (6144K)
 Metaspace       used 29017K, capacity 29954K, committed 30208K, reserved 1075200K
  class space    used 3625K, capacity 3978K, committed 4096K, reserved 1048576K
}
Event: 2.903 GC heap before
{Heap before GC invocations=7 (full 0):
 garbage-first heap   total 157696K, used 97382K [0x0000000081e00000, 0x0000000100000000)
  region size 1024K, 90 young (92160K), 6 survivors (6144K)
 Metaspace       used 31442K, capacity 32516K, committed 32640K, reserved 1077248K
  class space    used 3974K, capacity 4389K, committed 4480K, reserved 1048576K
}
Event: 2.911 GC heap after
{Heap after GC invocations=8 (full 0):
 garbage-first heap   total 157696K, used 14476K [0x0000000081e00000, 0x0000000100000000)
  region size 1024K, 8 young (8192K), 8 survivors (8192K)
 Metaspace       used 31442K, capacity 32516K, committed 32640K, reserved 1077248K
  class space    used 3974K, capacity 4389K, committed 4480K, reserved 1048576K
}
Event: 3.446 GC heap before
{Heap before GC invocations=8 (full 0):
 garbage-first heap   total 157696K, used 58508K [0x0000000081e00000, 0x0000000100000000)
  region size 1024K, 52 young (53248K), 8 survivors (8192K)
 Metaspace       used 34513K, capacity 35704K, committed 35840K, reserved 1081344K
  class space    used 4443K, capacity 4914K, committed 4992K, reserved 1048576K
}
Event: 3.457 GC heap after
{Heap after GC invocations=9 (full 0):
 garbage-first heap   total 157696K, used 15733K [0x0000000081e00000, 0x0000000100000000)
  region size 1024K, 8 young (8192K), 8 survivors (8192K)
 Metaspace       used 34513K, capacity 35704K, committed 35840K, reserved 1081344K
  class space    used 4443K, capacity 4914K, committed 4992K, reserved 1048576K
}
Event: 4.180 GC heap before
{Heap before GC invocations=10 (full 0):
 garbage-first heap   total 157696K, used 100725K [0x0000000081e00000, 0x0000000100000000)
  region size 1024K, 92 young (94208K), 8 survivors (8192K)
 Metaspace       used 39662K, capacity 41038K, committed 41088K, reserved 1085440K
  class space    used 5179K, capacity 5726K, committed 5760K, reserved 1048576K
}
Event: 4.192 GC heap after
{Heap after GC invocations=11 (full 0):
 garbage-first heap   total 157696K, used 18763K [0x0000000081e00000, 0x0000000100000000)
  region size 1024K, 9 young (9216K), 9 survivors (9216K)
 Metaspace       used 39662K, capacity 41038K, committed 41088K, reserved 1085440K
  class space    used 5179K, capacity 5726K, committed 5760K, reserved 1048576K
}
Event: 4.469 GC heap before
{Heap before GC invocations=11 (full 0):
 garbage-first heap   total 157696K, used 102731K [0x0000000081e00000, 0x0000000100000000)
  region size 1024K, 92 young (94208K), 9 survivors (9216K)
 Metaspace       used 41299K, capacity 42764K, committed 43136K, reserved 1087488K
  class space    used 5331K, capacity 5895K, committed 6016K, reserved 1048576K
}

Deoptimization events (0 events):
No events

Classes redefined (0 events):
No events

Internal exceptions (10 events):
Event: 3.767 Thread 0x0000021ed3c40800 Exception <a 'java/lang/ClassNotFoundException'{0x0000000089ff87b8}: org/springframework/aop/AdvisorCustomizer> (0x0000000089ff87b8) thrown at [./open/src/hotspot/share/classfile/systemDictionary.cpp, line 228]
Event: 3.767 Thread 0x0000021ed3c40800 Exception <a 'java/lang/ClassNotFoundException'{0x0000000089e0e7a0}: org/springframework/core/OrderedCustomizer> (0x0000000089e0e7a0) thrown at [./open/src/hotspot/share/classfile/systemDictionary.cpp, line 228]
Event: 3.911 Thread 0x0000021ed3c40800 Exception <a 'java/lang/NoSuchMethodError'{0x000000008955e7f0}: java.lang.invoke.DirectMethodHandle$Holder.invokeInterface(Ljava/lang/Object;Ljava/lang/Object;I)V> (0x000000008955e7f0) thrown at [./open/src/hotspot/share/interpreter/linkResolver.cpp, line
Event: 3.912 Thread 0x0000021ed3c40800 Exception <a 'java/lang/NoSuchMethodError'{0x00000000895768a0}: java.lang.invoke.DirectMethodHandle$Holder.invokeVirtual(Ljava/lang/Object;Ljava/lang/Object;)I> (0x00000000895768a0) thrown at [./open/src/hotspot/share/interpreter/linkResolver.cpp, line 77
Event: 3.914 Thread 0x0000021ed3c40800 Exception <a 'java/lang/IncompatibleClassChangeError'{0x00000000895ac6c8}: Found class java.lang.Object, but interface was expected> (0x00000000895ac6c8) thrown at [./open/src/hotspot/share/interpreter/linkResolver.cpp, line 838]
Event: 3.915 Thread 0x0000021ed3c40800 Exception <a 'java/lang/NoSuchMethodError'{0x00000000895b1568}: java.lang.invoke.DirectMethodHandle$Holder.invokeStatic(Ljava/lang/Object;ILjava/lang/Object;)V> (0x00000000895b1568) thrown at [./open/src/hotspot/share/interpreter/linkResolver.cpp, line 77
Event: 4.314 Thread 0x0000021ed3c45000 Exception <a 'java/lang/reflect/InvocationTargetException'{0x000000008a582320}> (0x000000008a582320) thrown at [./open/src/hotspot/share/runtime/reflection.cpp, line 1242]
Event: 4.416 Thread 0x0000021ed3c40800 Exception <a 'sun/nio/fs/WindowsException'{0x00000000889b3f20}> (0x00000000889b3f20) thrown at [./open/src/hotspot/share/prims/jni.cpp, line 611]
Event: 4.417 Thread 0x0000021ed3c40800 Exception <a 'sun/nio/fs/WindowsException'{0x00000000889b9cd0}> (0x00000000889b9cd0) thrown at [./open/src/hotspot/share/prims/jni.cpp, line 611]
Event: 4.417 Thread 0x0000021ed3c40800 Exception <a 'sun/nio/fs/WindowsException'{0x00000000889ba3a8}> (0x00000000889ba3a8) thrown at [./open/src/hotspot/share/prims/jni.cpp, line 611]

Events (10 events):
Event: 4.461 loading class java/util/zip/ZipInputStream
Event: 4.462 loading class java/util/zip/ZipInputStream done
Event: 4.462 loading class java/util/jar/JarInputStream done
Event: 4.462 loading class java/io/PushbackInputStream
Event: 4.462 loading class java/io/PushbackInputStream done
Event: 4.462 loading class org/apache/catalina/util/ManifestResource
Event: 4.462 loading class org/apache/catalina/util/ManifestResource done
Event: 4.464 loading class org/apache/catalina/util/Extension
Event: 4.464 loading class org/apache/catalina/util/Extension done
Event: 4.469 Executing VM operation: G1CollectForAllocation


Dynamic libraries:
0x00007ff64e400000 - 0x00007ff64e40f000 	C:\Program Files\Java\jdk-11.0.12\bin\javaw.exe
0x00007ff92b7d0000 - 0x00007ff92b9c8000 	C:\WINDOWS\SYSTEM32\ntdll.dll
0x00007ff92a300000 - 0x00007ff92a3bd000 	C:\WINDOWS\System32\KERNEL32.DLL
0x00007ff929330000 - 0x00007ff9295fe000 	C:\WINDOWS\System32\KERNELBASE.dll
0x00007ff928f90000 - 0x00007ff929090000 	C:\WINDOWS\System32\ucrtbase.dll
0x00007ff907d70000 - 0x00007ff907d85000 	C:\Program Files\Java\jdk-11.0.12\bin\VCRUNTIME140.dll
0x00007ff91fda0000 - 0x00007ff91fdb8000 	C:\Program Files\Java\jdk-11.0.12\bin\jli.dll
0x00007ff92b5b0000 - 0x00007ff92b65e000 	C:\WINDOWS\System32\ADVAPI32.dll
0x00007ff92b310000 - 0x00007ff92b3ae000 	C:\WINDOWS\System32\msvcrt.dll
0x00007ff92b0b0000 - 0x00007ff92b14c000 	C:\WINDOWS\System32\sechost.dll
0x00007ff92b660000 - 0x00007ff92b785000 	C:\WINDOWS\System32\RPCRT4.dll
0x00007ff929f80000 - 0x00007ff92a120000 	C:\WINDOWS\System32\USER32.dll
0x00007ff9181a0000 - 0x00007ff91843a000 	C:\WINDOWS\WinSxS\amd64_microsoft.windows.common-controls_6595b64144ccf1df_6.0.19041.1110_none_60b5254171f9507e\COMCTL32.dll
0x00007ff9291a0000 - 0x00007ff9291c2000 	C:\WINDOWS\System32\win32u.dll
0x00007ff92a2d0000 - 0x00007ff92a2fa000 	C:\WINDOWS\System32\GDI32.dll
0x00007ff929090000 - 0x00007ff92919b000 	C:\WINDOWS\System32\gdi32full.dll
0x00007ff929600000 - 0x00007ff92969d000 	C:\WINDOWS\System32\msvcp_win.dll
0x00007ff922940000 - 0x00007ff92294a000 	C:\WINDOWS\SYSTEM32\VERSION.dll
0x00007ff92a810000 - 0x00007ff92a840000 	C:\WINDOWS\System32\IMM32.DLL
0x00007ff8f3ae0000 - 0x00007ff8f3b7b000 	C:\Program Files\Java\jdk-11.0.12\bin\msvcp140.dll
0x00007ff8c8360000 - 0x00007ff8c8e5f000 	C:\Program Files\Java\jdk-11.0.12\bin\server\jvm.dll
0x00007ff92a840000 - 0x00007ff92a848000 	C:\WINDOWS\System32\PSAPI.DLL
0x00007ff913d10000 - 0x00007ff913d19000 	C:\WINDOWS\SYSTEM32\WSOCK32.dll
0x00007ff9196f0000 - 0x00007ff919717000 	C:\WINDOWS\SYSTEM32\WINMM.dll
0x00007ff92a7a0000 - 0x00007ff92a80b000 	C:\WINDOWS\System32\WS2_32.dll
0x00007ff9277d0000 - 0x00007ff9277e2000 	C:\WINDOWS\SYSTEM32\kernel.appcore.dll
0x00007ff924470000 - 0x00007ff924480000 	C:\Program Files\Java\jdk-11.0.12\bin\verify.dll
0x00007ff926b10000 - 0x00007ff926cf4000 	C:\WINDOWS\SYSTEM32\DBGHELP.DLL
0x00007ff913da0000 - 0x00007ff913dcc000 	C:\WINDOWS\SYSTEM32\dbgcore.DLL
0x00007ff9297a0000 - 0x00007ff929822000 	C:\WINDOWS\System32\bcryptPrimitives.dll
0x00007ff8f79c0000 - 0x00007ff8f79e8000 	C:\Program Files\Java\jdk-11.0.12\bin\java.dll
0x00007ff920b10000 - 0x00007ff920b1a000 	C:\Program Files\Java\jdk-11.0.12\bin\jimage.dll
0x00007ff8f79a0000 - 0x00007ff8f79b6000 	C:\Program Files\Java\jdk-11.0.12\bin\zip.dll
0x00007ff929830000 - 0x00007ff929f74000 	C:\WINDOWS\System32\SHELL32.dll
0x00007ff926fa0000 - 0x00007ff927734000 	C:\WINDOWS\SYSTEM32\windows.storage.dll
0x00007ff92ad50000 - 0x00007ff92b0a4000 	C:\WINDOWS\System32\combase.dll
0x00007ff928950000 - 0x00007ff928980000 	C:\WINDOWS\SYSTEM32\Wldp.dll
0x00007ff92b3c0000 - 0x00007ff92b46d000 	C:\WINDOWS\System32\SHCORE.dll
0x00007ff92a5c0000 - 0x00007ff92a615000 	C:\WINDOWS\System32\shlwapi.dll
0x00007ff928e30000 - 0x00007ff928e4f000 	C:\WINDOWS\SYSTEM32\profapi.dll
0x00007ff8f76d0000 - 0x00007ff8f76e9000 	C:\Program Files\Java\jdk-11.0.12\bin\net.dll
0x00007ff91a320000 - 0x00007ff91a42a000 	C:\WINDOWS\SYSTEM32\WINHTTP.dll
0x00007ff9286b0000 - 0x00007ff92871a000 	C:\WINDOWS\system32\mswsock.dll
0x00007ff8f4bc0000 - 0x00007ff8f4bd2000 	C:\Program Files\Java\jdk-11.0.12\bin\nio.dll
0x00007ff91fd90000 - 0x00007ff91fd99000 	C:\Program Files\Java\jdk-11.0.12\bin\management.dll
0x00007ff91fd30000 - 0x00007ff91fd3b000 	C:\Program Files\Java\jdk-11.0.12\bin\management_ext.dll
0x00007ff90dd90000 - 0x00007ff90dda7000 	C:\WINDOWS\system32\napinsp.dll
0x00007ff90d530000 - 0x00007ff90d54b000 	C:\WINDOWS\system32\pnrpnsp.dll
0x00007ff90d100000 - 0x00007ff90d115000 	C:\WINDOWS\system32\wshbth.dll
0x00007ff924450000 - 0x00007ff92446d000 	C:\WINDOWS\system32\NLAapi.dll
0x00007ff928350000 - 0x00007ff92838b000 	C:\WINDOWS\SYSTEM32\IPHLPAPI.DLL
0x00007ff9283a0000 - 0x00007ff92846b000 	C:\WINDOWS\SYSTEM32\DNSAPI.dll
0x00007ff92b3b0000 - 0x00007ff92b3b8000 	C:\WINDOWS\System32\NSI.dll
0x00007ff90bb40000 - 0x00007ff90bb52000 	C:\WINDOWS\System32\winrnr.dll
0x00007ff919840000 - 0x00007ff91984a000 	C:\Windows\System32\rasadhlp.dll
0x00007ff9193d0000 - 0x00007ff919450000 	C:\WINDOWS\System32\fwpuclnt.dll
0x00007ff928f60000 - 0x00007ff928f87000 	C:\WINDOWS\System32\bcrypt.dll
0x00007ff9288b0000 - 0x00007ff9288c8000 	C:\WINDOWS\SYSTEM32\CRYPTSP.dll
0x00007ff927fc0000 - 0x00007ff927ff4000 	C:\WINDOWS\system32\rsaenh.dll
0x00007ff928df0000 - 0x00007ff928e1e000 	C:\WINDOWS\SYSTEM32\USERENV.dll
0x00007ff9288a0000 - 0x00007ff9288ac000 	C:\WINDOWS\SYSTEM32\CRYPTBASE.dll
0x00007ff920ba0000 - 0x00007ff920bb7000 	C:\WINDOWS\SYSTEM32\dhcpcsvc6.DLL
0x00007ff920af0000 - 0x00007ff920b0d000 	C:\WINDOWS\SYSTEM32\dhcpcsvc.DLL
0x00007ff91f610000 - 0x00007ff91f61d000 	C:\Program Files\Java\jdk-11.0.12\bin\sunmscapi.dll
0x00007ff9291d0000 - 0x00007ff929326000 	C:\WINDOWS\System32\CRYPT32.dll
0x00007ff9289c0000 - 0x00007ff9289e7000 	C:\WINDOWS\SYSTEM32\ncrypt.dll
0x00007ff928980000 - 0x00007ff9289bb000 	C:\WINDOWS\SYSTEM32\NTASN1.dll
0x00007ff8f4b20000 - 0x00007ff8f4b45000 	C:\Program Files\Java\jdk-11.0.12\bin\sunec.dll

dbghelp: loaded successfully - version: 4.0.5 - missing functions: none
symbol engine: initialized successfully - sym options: 0x614 - pdb path: .;C:\Program Files\Java\jdk-11.0.12\bin;C:\WINDOWS\SYSTEM32;C:\WINDOWS\WinSxS\amd64_microsoft.windows.common-controls_6595b64144ccf1df_6.0.19041.1110_none_60b5254171f9507e;C:\Program Files\Java\jdk-11.0.12\bin\server

VM Arguments:
jvm_args: -Dcom.sun.management.jmxremote -Dcom.sun.management.jmxremote.port=58861 -Dcom.sun.management.jmxremote.authenticate=false -Dcom.sun.management.jmxremote.ssl=false -Djava.rmi.server.hostname=localhost -Dspring.jmx.enabled=true -Dspring.application.admin.enabled=true -XX:TieredStopAtLevel=1 -Dspring.boot.project.name=algamoney-api -Dfile.encoding=UTF-8 
java_command: com.example.algamoney.api.AlgamoneyApiApplication --spring.output.ansi.enabled=always
java_class_path (initial): E:\Meta\algamoney-api\target\classes;C:\Users\JOAO\.m2\repository\org\springframework\boot\spring-boot-starter-data-jpa\2.7.2\spring-boot-starter-data-jpa-2.7.2.jar;C:\Users\JOAO\.m2\repository\org\springframework\boot\spring-boot-starter-aop\2.7.2\spring-boot-starter-aop-2.7.2.jar;C:\Users\JOAO\.m2\repository\org\aspectj\aspectjweaver\1.9.7\aspectjweaver-1.9.7.jar;C:\Users\JOAO\.m2\repository\org\springframework\boot\spring-boot-starter-jdbc\2.7.2\spring-boot-starter-jdbc-2.7.2.jar;C:\Users\JOAO\.m2\repository\com\zaxxer\HikariCP\4.0.3\HikariCP-4.0.3.jar;C:\Users\JOAO\.m2\repository\org\springframework\spring-jdbc\5.3.22\spring-jdbc-5.3.22.jar;C:\Users\JOAO\.m2\repository\jakarta\transaction\jakarta.transaction-api\1.3.3\jakarta.transaction-api-1.3.3.jar;C:\Users\JOAO\.m2\repository\jakarta\persistence\jakarta.persistence-api\2.2.3\jakarta.persistence-api-2.2.3.jar;C:\Users\JOAO\.m2\repository\org\hibernate\hibernate-core\5.6.10.Final\hibernate-core-5.6.10.Final.jar;C:\Users\JOAO\.m2\repository\net\bytebuddy\byte-buddy\1.12.12\byte-buddy-1.12.12.jar;C:\Users\JOAO\.m2\repository\antlr\antlr\2.7.7\antlr-2.7.7.jar;C:\Users\JOAO\.m2\repository\org\jboss\jandex\2.4.2.Final\jandex-2.4.2.Final.jar;C:\Users\JOAO\.m2\repository\com\fasterxml\classmate\1.5.1\classmate-1.5.1.jar;C:\Users\JOAO\.m2\repository\org\hibernate\common\hibernate-commons-annotations\5.1.2.Final\hibernate-commons-annotations-5.1.2.Final.jar;C:\Users\JOAO\.m2\repository\org\springframework\data\spring-data-jpa\2.7.2\spring-data-jpa-2.7.2.jar;C:\Users\JOAO\.m2\repository\org\springframework\data\spring-data-commons\2.7.2\spring-data-commons-2.7.2.jar;C:\Users\JOAO\.m2\repository\org\springframework\spring-orm\5.3.22\spring-orm-5.3.22.jar;C:\Users\JOAO\.m2\repository\org\springframework\spring-tx\5.3.22\spring-tx-5.3.22.jar;C:\Users\JOAO\.m2\repository\org\slf4j\slf4j-api\1.7.36\slf4j-api-1.7.36.jar;C:\Users\JOAO\.m2\repository\org\springframework\spring-aspects\5.3.22\spring-
Launcher Type: SUN_STANDARD

[Global flags]
     intx CICompilerCount                          = 3                                         {product} {ergonomic}
     uint ConcGCThreads                            = 1                                         {product} {ergonomic}
     uint G1ConcRefinementThreads                  = 4                                         {product} {ergonomic}
   size_t G1HeapRegionSize                         = 1048576                                   {product} {ergonomic}
    uintx GCDrainStackTargetSize                   = 64                                        {product} {ergonomic}
   size_t InitialHeapSize                          = 134217728                                 {product} {ergonomic}
     bool ManagementServer                         = true                                      {product} {command line}
   size_t MarkStackSize                            = 4194304                                   {product} {ergonomic}
   size_t MaxHeapSize                              = 2116026368                                {product} {ergonomic}
   size_t MaxNewSize                               = 1268776960                                {product} {ergonomic}
   size_t MinHeapDeltaBytes                        = 1048576                                   {product} {ergonomic}
    uintx NonNMethodCodeHeapSize                   = 6973028                                {pd product} {ergonomic}
    uintx NonProfiledCodeHeapSize                  = 244685212                              {pd product} {ergonomic}
    uintx ProfiledCodeHeapSize                     = 0                                      {pd product} {ergonomic}
    uintx ReservedCodeCacheSize                    = 251658240                              {pd product} {ergonomic}
     bool SegmentedCodeCache                       = true                                      {product} {ergonomic}
     intx TieredStopAtLevel                        = 1                                         {product} {command line}
     bool UseCompressedClassPointers               = true                                 {lp64_product} {ergonomic}
     bool UseCompressedOops                        = true                                 {lp64_product} {ergonomic}
     bool UseG1GC                                  = true                                      {product} {ergonomic}
     bool UseLargePagesIndividualAllocation        = false                                  {pd product} {ergonomic}

Logging:
Log output configuration:
 #0: stdout all=warning uptime,level,tags
 #1: stderr all=off uptime,level,tags

Environment Variables:
JAVA_HOME=C:\Program Files\Java\jdk-11.0.12
PATH=C:/Program Files/STS/sts-4.12.1.RELEASE//plugins/org.eclipse.justj.openjdk.hotspot.jre.full.win32.x86_64_17.0.0.v20211012-1059/jre/bin/server;C:/Program Files/STS/sts-4.12.1.RELEASE//plugins/org.eclipse.justj.openjdk.hotspot.jre.full.win32.x86_64_17.0.0.v20211012-1059/jre/bin;C:\Program Files\Java\zulu17.34.19-ca-jdk17.0.3-win_x64\bin;C:\Program Files\Eclipse Adoptium\jdk-17.0.3.7-hotspot\bin;C:\Program Files\Common Files\Oracle\Java\javapath;C:\ProgramData\Oracle\Java\javapath;C:\Windows\system32;C:\Windows;C:\Windows\System32\Wbem;C:\Windows\System32\WindowsPowerShell\v1.0\;C:\Program Files (x86)\NVIDIA Corporation\PhysX\Common;C:\WINDOWS\system32;C:\WINDOWS;C:\WINDOWS\System32\Wbem;C:\WINDOWS\System32\WindowsPowerShell\v1.0\;C:\WINDOWS\System32\OpenSSH\;C:\Program Files (x86)\Windows Kits\10\Windows Performance Toolkit\;C:\Program Files\Java\jdk-11.0.12\bin;C:\javaAlura\apache-maven-3.6.3\bin;C:\Program Files\nodejs\;C:\ProgramData\UNIVALI\Portugol Studio;C:\javaAlura\Bootcamp everis\gradle-7.0.1;C:\Program Files\Git\cmd;C:\Program Files\NVIDIA Corporation\NVIDIA NvDLISR;C:\Program Files\MySQL\MySQL Shell 8.0\bin\;C:\Users\JOAO\AppData\Local\Microsoft\WindowsApps;C:\Users\JOAO\Desktop\javaAlura\apache-maven-3.6.3\bin;C:\Users\JOAO\AppData\Roaming\npm;C:\Program Files\Docker Toolbox;C:\Program Files (x86)\GnuWin32\bin;E:\Instalaes\Microsoft VS Code\bin;C:\Program Files\heroku\bin;C:\Users\JOAO\AppData\Local\GitHubDesktop\bin;C:\Program Files\STS\sts-4.12.1.RELEASE;
USERNAME=JOAO
OS=Windows_NT
PROCESSOR_IDENTIFIER=Intel64 Family 6 Model 142 Stepping 9, GenuineIntel



---------------  S Y S T E M  ---------------

OS: Windows 10 , 64 bit Build 19041 (10.0.19041.1806)

CPU:total 4 (initial active 4) (2 cores per cpu, 2 threads per core) family 6 model 142 stepping 9 microcode 0xd6, cmov, cx8, fxsr, mmx, sse, sse2, sse3, ssse3, sse4.1, sse4.2, popcnt, avx, avx2, aes, clmul, erms, 3dnowpref, lzcnt, ht, tsc, tscinvbit, bmi1, bmi2, adx, fma

Memory: 4k page, system-wide physical 8066M (1173M free)
TotalPageFile size 8066M (AvailPageFile size 22M)
current process WorkingSet (physical memory assigned to process): 219M, peak: 219M
current process commit charge ("private bytes"): 288M, peak: 319M

vm_info: Java HotSpot(TM) 64-Bit Server VM (11.0.12+8-LTS-237) for windows-amd64 JRE (11.0.12+8-LTS-237), built on Jun  8 2021 11:25:59 by "mach5one" with MS VC++ 15.9 (VS2017)

END.
